<?xml version="1.0" encoding="UTF-8"?>
<testsuites name="api-test" tests="14" failures="0" errors="0" time="3.667">
  <testsuite name="API DEMO Test" errors="0" failures="0" skipped="0" timestamp="2021-11-03T14:29:14" time="3.609" tests="14">
    <testcase classname="API DEMO Test Get All Users " name="API DEMO Test Get All Users " time="0.144">
    </testcase>
    <testcase classname="API DEMO Test Get All Users from page (1) " name="API DEMO Test Get All Users from page (1) " time="0.072">
    </testcase>
    <testcase classname="API DEMO Test Get All Users from page (2) " name="API DEMO Test Get All Users from page (2) " time="0.05">
    </testcase>
    <testcase classname="API DEMO Test Get All Users from page (3) " name="API DEMO Test Get All Users from page (3) " time="0.401">
    </testcase>
    <testcase classname="API DEMO Test Get All Users from page (0) " name="API DEMO Test Get All Users from page (0) " time="0.41">
    </testcase>
    <testcase classname="API DEMO Test Get All Users from page (1) " name="API DEMO Test Get All Users from page (1) " time="0.055">
    </testcase>
    <testcase classname="API DEMO Test Get All Users from page (2) " name="API DEMO Test Get All Users from page (2) " time="0.053">
    </testcase>
    <testcase classname="API DEMO Test Get All Users from page (3) " name="API DEMO Test Get All Users from page (3) " time="0.054">
    </testcase>
    <testcase classname="API DEMO Test Get All Users from page (4) " name="API DEMO Test Get All Users from page (4) " time="0.452">
    </testcase>
    <testcase classname="API DEMO Test Post-Create a new user" name="API DEMO Test Post-Create a new user" time="0.326">
    </testcase>
    <testcase classname="API DEMO Test Post-Create a new users (Alex)" name="API DEMO Test Post-Create a new users (Alex)" time="0.391">
    </testcase>
    <testcase classname="API DEMO Test Post-Create a new users (Paul)" name="API DEMO Test Post-Create a new users (Paul)" time="0.409">
    </testcase>
    <testcase classname="API DEMO Test Post-Create a new users (Sam)" name="API DEMO Test Post-Create a new users (Sam)" time="0.409">
    </testcase>
    <testcase classname="API DEMO Test PUT-Update User" name="API DEMO Test PUT-Update User" time="0">
    </testcase>
  </testsuite>
</testsuites>