<?xml version="1.0" encoding="UTF-8"?>
<testsuites name="api-test" tests="1" failures="0" errors="0" time="0.499">
  <testsuite name="API DEMO Test" errors="0" failures="0" skipped="0" timestamp="2021-11-03T14:34:50" time="0.453" tests="1">
    <testcase classname="API DEMO Test Get All Users " name="API DEMO Test Get All Users " time="0.09">
    </testcase>
  </testsuite>
</testsuites>