<?xml version="1.0" encoding="UTF-8"?>
<testsuites name="api-test" tests="14" failures="0" errors="0" time="2.706">
  <testsuite name="API DEMO Test" errors="0" failures="0" skipped="0" timestamp="2021-11-03T14:32:30" time="2.666" tests="14">
    <testcase classname="API DEMO Test Get All Users " name="API DEMO Test Get All Users " time="0.08">
    </testcase>
    <testcase classname="API DEMO Test Get All Users from page (1) " name="API DEMO Test Get All Users from page (1) " time="0.057">
    </testcase>
    <testcase classname="API DEMO Test Get All Users from page (2) " name="API DEMO Test Get All Users from page (2) " time="0.069">
    </testcase>
    <testcase classname="API DEMO Test Get All Users from page (3) " name="API DEMO Test Get All Users from page (3) " time="0.096">
    </testcase>
    <testcase classname="API DEMO Test Get All Users from page (0) " name="API DEMO Test Get All Users from page (0) " time="0.06">
    </testcase>
    <testcase classname="API DEMO Test Get All Users from page (1) " name="API DEMO Test Get All Users from page (1) " time="0.057">
    </testcase>
    <testcase classname="API DEMO Test Get All Users from page (2) " name="API DEMO Test Get All Users from page (2) " time="0.087">
    </testcase>
    <testcase classname="API DEMO Test Get All Users from page (3) " name="API DEMO Test Get All Users from page (3) " time="0.068">
    </testcase>
    <testcase classname="API DEMO Test Get All Users from page (4) " name="API DEMO Test Get All Users from page (4) " time="0.059">
    </testcase>
    <testcase classname="API DEMO Test Post-Create a new user" name="API DEMO Test Post-Create a new user" time="0.45">
    </testcase>
    <testcase classname="API DEMO Test Post-Create a new users (Alex)" name="API DEMO Test Post-Create a new users (Alex)" time="0.454">
    </testcase>
    <testcase classname="API DEMO Test Post-Create a new users (Paul)" name="API DEMO Test Post-Create a new users (Paul)" time="0.406">
    </testcase>
    <testcase classname="API DEMO Test Post-Create a new users (Sam)" name="API DEMO Test Post-Create a new users (Sam)" time="0.412">
    </testcase>
    <testcase classname="API DEMO Test PUT-Update User" name="API DEMO Test PUT-Update User" time="0">
    </testcase>
  </testsuite>
</testsuites>