<?xml version="1.0" encoding="UTF-8"?>
<testsuites name="api-test" tests="14" failures="0" errors="0" time="2.616">
  <testsuite name="API DEMO Test" errors="0" failures="0" skipped="0" timestamp="2021-11-02T19:45:08" time="2.567" tests="14">
    <testcase classname="API DEMO Test Get All Users " name="API DEMO Test Get All Users " time="0.084">
    </testcase>
    <testcase classname="API DEMO Test Get All Users from page (1) " name="API DEMO Test Get All Users from page (1) " time="0.098">
    </testcase>
    <testcase classname="API DEMO Test Get All Users from page (2) " name="API DEMO Test Get All Users from page (2) " time="0.05">
    </testcase>
    <testcase classname="API DEMO Test Get All Users from page (3) " name="API DEMO Test Get All Users from page (3) " time="0.064">
    </testcase>
    <testcase classname="API DEMO Test Get All Users from page (0) " name="API DEMO Test Get All Users from page (0) " time="0.069">
    </testcase>
    <testcase classname="API DEMO Test Get All Users from page (1) " name="API DEMO Test Get All Users from page (1) " time="0.049">
    </testcase>
    <testcase classname="API DEMO Test Get All Users from page (2) " name="API DEMO Test Get All Users from page (2) " time="0.06">
    </testcase>
    <testcase classname="API DEMO Test Get All Users from page (3) " name="API DEMO Test Get All Users from page (3) " time="0.048">
    </testcase>
    <testcase classname="API DEMO Test Get All Users from page (4) " name="API DEMO Test Get All Users from page (4) " time="0.055">
    </testcase>
    <testcase classname="API DEMO Test Post-Create a new user" name="API DEMO Test Post-Create a new user" time="0.39">
    </testcase>
    <testcase classname="API DEMO Test Post-Create a new users (Alex)" name="API DEMO Test Post-Create a new users (Alex)" time="0.409">
    </testcase>
    <testcase classname="API DEMO Test Post-Create a new users (Paul)" name="API DEMO Test Post-Create a new users (Paul)" time="0.333">
    </testcase>
    <testcase classname="API DEMO Test Post-Create a new users (Sam)" name="API DEMO Test Post-Create a new users (Sam)" time="0.486">
    </testcase>
    <testcase classname="API DEMO Test PUT-Update User" name="API DEMO Test PUT-Update User" time="0">
    </testcase>
  </testsuite>
</testsuites>